
> world-cup-explorer@1.0.0 build
> next build

  ▲ Next.js 14.2.15

   Creating an optimized production build ...
 ✓ Compiled successfully
   Linting and checking validity of types ...
   Collecting page data ...
   Generating static pages (0/6) ...
   Generating static pages (1/6) 
   Generating static pages (2/6) 
   Generating static pages (4/6) 
 ✓ Generating static pages (6/6)
   Finalizing page optimization ...
   Collecting build traces ...

Route (app)                              Size     First Load JS
┌ ○ /                                    57.7 kB         145 kB
├ ○ /_not-found                          138 B          87.7 kB
├ ○ /api/matches                         0 B                0 B
└ ○ /icon.svg                            0 B                0 B
+ First Load JS shared by all            87.6 kB
  ├ chunks/117-4c70e6819b7b4ce2.js       31.6 kB
  ├ chunks/fd9d1056-91aa9495991b9c80.js  53.6 kB
  └ other shared chunks (total)          2.36 kB


○  (Static)  prerendered as static content

